[debug] [2022-02-10T01:17:12.747Z] ----------------------------------------------------------------------
[debug] [2022-02-10T01:17:12.755Z] Command:       C:\Program Files\nodejs\node.exe C:\Program Files\nodejs\node_modules\firebase-tools\lib\bin\firebase.js init
[debug] [2022-02-10T01:17:12.757Z] CLI Version:   10.1.5
[debug] [2022-02-10T01:17:12.757Z] Platform:      win32
[debug] [2022-02-10T01:17:12.757Z] Node Version:  v14.16.0
[debug] [2022-02-10T01:17:12.772Z] Time:          Thu Feb 10 2022 02:17:12 GMT+0100 (West Africa Standard Time)
[debug] [2022-02-10T01:17:12.772Z] ----------------------------------------------------------------------
[debug] 
[debug] [2022-02-10T01:17:13.112Z] > command requires scopes: ["email","openid","https://www.googleapis.com/auth/cloudplatformprojects.readonly","https://www.googleapis.com/auth/firebase","https://www.googleapis.com/auth/cloud-platform"]
[debug] [2022-02-10T01:17:13.112Z] > authorizing via signed-in user (tacticshustle@gmail.com)
[info] 
     ######## #### ########  ######## ########     ###     ######  ########
     ##        ##  ##     ## ##       ##     ##  ##   ##  ##       ##
     ######    ##  ########  ######   ########  #########  ######  ######
     ##        ##  ##    ##  ##       ##     ## ##     ##       ## ##
     ##       #### ##     ## ######## ########  ##     ##  ######  ########

You're about to initialize a Firebase project in this directory:

  C:\xampp\htdocs\Domeo_resources\reactjschat

Before we get started, keep in mind:

  * You are currently outside your home directory
  * You are initializing within an existing Firebase project directory

